[2025-01-24T06:46:13.266008+00:00] main.INFO: {"feed":"undefined","operation":"undefined","status":"Setting mode Update On Schedule for indexer Sales Order Feed","elapsed":"00:00:00 375 ms","pid":"128345","caller":"bin\/magento setup:install --base-url=https:\/\/localhost.shopconnect --db-host=127.0.0.1 --db-name=shopconnect_db2 --db-user=root"} [] []
[2025-01-24T06:46:13.463306+00:00] main.INFO: {"feed":"undefined","operation":"undefined","status":"Setting mode Update On Schedule for indexer Sales Order Statuses Feed","elapsed":"00:00:00 573 ms","pid":"128345","caller":"bin\/magento setup:install --base-url=https:\/\/localhost.shopconnect --db-host=127.0.0.1 --db-name=shopconnect_db2 --db-user=root"} [] []
[2025-01-24T06:46:13.672723+00:00] main.INFO: {"feed":"undefined","operation":"undefined","status":"Setting mode Update On Schedule for indexer Stores Feed","elapsed":"00:00:01 782 ms","pid":"128345","caller":"bin\/magento setup:install --base-url=https:\/\/localhost.shopconnect --db-host=127.0.0.1 --db-name=shopconnect_db2 --db-user=root"} [] []
[2025-01-27T07:45:44.811415+00:00] main.INFO: {"feed":"salesOrders","operation":"full reindex(legacy)","status":"Initialize","elapsed":"00:00:00 712 ms","pid":"38088","caller":"bin\/magento indexer:reindex"} [] []
[2025-01-27T07:45:44.878813+00:00] main.INFO: {"feed":"salesOrders","operation":"full reindex(legacy)","status":"Creating batch table `sales_data_exporter_orders_index_batches`. Start position: 0","elapsed":"00:00:00 779 ms","pid":"38088","caller":"bin\/magento indexer:reindex"} [] []
[2025-01-27T07:45:44.917291+00:00] main.INFO: {"feed":"salesOrders","operation":"full reindex(legacy)","status":"Batch table `sales_data_exporter_orders_index_batches` created. Total Items: 0, batches: ~0","elapsed":"00:00:00 818 ms","pid":"38088","caller":"bin\/magento indexer:reindex"} [] []
[2025-01-27T07:45:44.917640+00:00] main.INFO: {"feed":"salesOrders","operation":"full reindex(legacy)","status":"nothing to process - no items to sync. Not expected? Are there any items in source table `sales_order`?","elapsed":"00:00:00 818 ms","pid":"38088","caller":"bin\/magento indexer:reindex"} [] []
[2025-01-27T07:45:44.919986+00:00] main.INFO: {"feed":"salesOrders","operation":"full reindex(legacy)","status":"Complete","elapsed":"00:00:00 820 ms","pid":"38088","caller":"bin\/magento indexer:reindex"} [] []
[2025-01-27T07:45:44.948537+00:00] main.INFO: {"feed":"salesOrderStatuses","operation":"full reindex(legacy)","status":"Initialize","elapsed":"00:00:00 986 ms","pid":"38088","caller":"bin\/magento indexer:reindex"} [] []
[2025-01-27T07:45:45.048043+00:00] main.INFO: {"feed":"salesOrderStatuses","operation":"full reindex(legacy)","status":"Creating batch table `sales_data_exporter_order_statuses_index_batches`. Start position: ","elapsed":"00:00:01 86 ms","pid":"38088","caller":"bin\/magento indexer:reindex"} [] []
[2025-01-27T07:45:45.108616+00:00] main.INFO: {"feed":"salesOrderStatuses","operation":"full reindex(legacy)","status":"Batch table `sales_data_exporter_order_statuses_index_batches` created. Total Items: 12, batches: ~0","elapsed":"00:00:01 146 ms","pid":"38088","caller":"bin\/magento indexer:reindex"} [] []
[2025-01-27T07:45:45.109242+00:00] main.INFO: {"feed":"salesOrderStatuses","operation":"full reindex(legacy)","status":"start processing `12` items in `1` threads with `100` batch size","elapsed":"00:00:01 147 ms","pid":"38088","caller":"bin\/magento indexer:reindex"} [] []
[2025-01-27T07:45:45.151681+00:00] main.INFO: {"feed":"salesOrderStatuses","operation":"full reindex(legacy)","status":"Progress 1\/1, processed 12, synced 12","elapsed":"00:00:01 189 ms","pid":"38088","caller":"bin\/magento indexer:reindex"} [] []
[2025-01-27T07:45:45.155472+00:00] main.INFO: {"feed":"salesOrderStatuses","operation":"full reindex(legacy)","status":"Complete","elapsed":"00:00:01 193 ms","pid":"38088","caller":"bin\/magento indexer:reindex"} [] []
[2025-01-27T07:45:45.178794+00:00] main.INFO: {"feed":"stores","operation":"full reindex(legacy)","status":"Initialize","elapsed":"447 ms","pid":"38088","caller":"bin\/magento indexer:reindex"} [] []
[2025-01-27T07:45:45.241652+00:00] main.INFO: {"feed":"stores","operation":"full reindex(legacy)","status":"Creating batch table `stores_data_exporter_index_batches`. Start position: 0","elapsed":"510 ms","pid":"38088","caller":"bin\/magento indexer:reindex"} [] []
[2025-01-27T07:45:45.275265+00:00] main.INFO: {"feed":"stores","operation":"full reindex(legacy)","status":"Batch table `stores_data_exporter_index_batches` created. Total Items: 1, batches: ~0","elapsed":"543 ms","pid":"38088","caller":"bin\/magento indexer:reindex"} [] []
[2025-01-27T07:45:45.275832+00:00] main.INFO: {"feed":"stores","operation":"full reindex(legacy)","status":"start processing `1` items in `1` threads with `100` batch size","elapsed":"544 ms","pid":"38088","caller":"bin\/magento indexer:reindex"} [] []
[2025-01-27T07:45:45.298093+00:00] main.INFO: {"feed":"stores","operation":"full reindex(legacy)","status":"Progress 1\/1, processed 1, synced 1","elapsed":"566 ms","pid":"38088","caller":"bin\/magento indexer:reindex"} [] []
[2025-01-27T07:45:45.304945+00:00] main.INFO: {"feed":"stores","operation":"full reindex(legacy)","status":"Complete","elapsed":"573 ms","pid":"38088","caller":"bin\/magento indexer:reindex"} [] []
